2025-01-07 11:45:03.814850 - INFO - Starting Kafka consumer script.
2025-01-07 11:45:04.500738 - INFO - Inserted to MongoDB: {'user_id': 69, 'activity': 'purchase', 'timestamp': '2025-01-07 09:40:52', '_id': ObjectId('677cf7a0b3cbcf303db42656')}
2025-01-07 11:45:04.595709 - INFO - Inserted to MongoDB: {'user_id': 60, 'activity': 'view_item', 'timestamp': '2025-01-07 09:40:55', '_id': ObjectId('677cf7a0b3cbcf303db42657')}
2025-01-07 11:45:04.603717 - INFO - Inserted to MongoDB: {'user_id': 60, 'activity': 'purchase', 'timestamp': '2025-01-07 09:40:57', '_id': ObjectId('677cf7a0b3cbcf303db42658')}
2025-01-07 11:45:04.609725 - INFO - Inserted to MongoDB: {'user_id': 11, 'activity': 'logout', 'timestamp': '2025-01-07 09:40:59', '_id': ObjectId('677cf7a0b3cbcf303db42659')}
2025-01-07 11:45:04.636714 - INFO - Inserted to MongoDB: {'user_id': 88, 'activity': 'view_item', 'timestamp': '2025-01-07 09:41:01', '_id': ObjectId('677cf7a0b3cbcf303db4265a')}
2025-01-07 11:45:04.676696 - INFO - Inserted to MongoDB: {'user_id': 41, 'activity': 'logout', 'timestamp': '2025-01-07 09:41:03', '_id': ObjectId('677cf7a0b3cbcf303db4265b')}
2025-01-07 11:45:04.688694 - INFO - Inserted to MongoDB: {'user_id': 4, 'activity': 'view_item', 'timestamp': '2025-01-07 09:44:55', '_id': ObjectId('677cf7a0b3cbcf303db4265c')}
2025-01-07 11:45:04.705704 - INFO - Inserted to MongoDB: {'user_id': 40, 'activity': 'purchase', 'timestamp': '2025-01-07 09:44:57', '_id': ObjectId('677cf7a0b3cbcf303db4265d')}
2025-01-07 11:45:04.716701 - INFO - Inserted to MongoDB: {'user_id': 25, 'activity': 'add_to_cart', 'timestamp': '2025-01-07 09:44:59', '_id': ObjectId('677cf7a0b3cbcf303db4265e')}
2025-01-07 11:45:04.739725 - INFO - Inserted to MongoDB: {'user_id': 35, 'activity': 'add_to_cart', 'timestamp': '2025-01-07 09:45:01', '_id': ObjectId('677cf7a0b3cbcf303db4265f')}
2025-01-07 11:45:04.753695 - INFO - Inserted to MongoDB: {'user_id': 33, 'activity': 'view_item', 'timestamp': '2025-01-07 09:45:03', '_id': ObjectId('677cf7a0b3cbcf303db42660')}
2025-01-07 11:45:05.533445 - INFO - Inserted to MongoDB: {'user_id': 9, 'activity': 'purchase', 'timestamp': '2025-01-07 09:45:05', '_id': ObjectId('677cf7a1b3cbcf303db42661')}
2025-01-07 11:45:07.566315 - INFO - Inserted to MongoDB: {'user_id': 65, 'activity': 'add_to_cart', 'timestamp': '2025-01-07 09:45:07', '_id': ObjectId('677cf7a3b3cbcf303db42662')}
2025-01-07 11:45:09.619973 - INFO - Inserted to MongoDB: {'user_id': 10, 'activity': 'logout', 'timestamp': '2025-01-07 09:45:09', '_id': ObjectId('677cf7a5b3cbcf303db42663')}
2025-01-07 11:45:11.655691 - INFO - Inserted to MongoDB: {'user_id': 26, 'activity': 'logout', 'timestamp': '2025-01-07 09:45:11', '_id': ObjectId('677cf7a7b3cbcf303db42664')}
2025-01-07 11:45:13.688484 - INFO - Inserted to MongoDB: {'user_id': 54, 'activity': 'view_item', 'timestamp': '2025-01-07 09:45:13', '_id': ObjectId('677cf7a9b3cbcf303db42665')}
2025-01-07 11:45:15.721900 - INFO - Inserted to MongoDB: {'user_id': 100, 'activity': 'purchase', 'timestamp': '2025-01-07 09:45:15', '_id': ObjectId('677cf7abb3cbcf303db42666')}
2025-01-07 11:45:17.764420 - INFO - Inserted to MongoDB: {'user_id': 3, 'activity': 'login', 'timestamp': '2025-01-07 09:45:17', '_id': ObjectId('677cf7adb3cbcf303db42667')}
2025-01-07 11:45:19.880347 - INFO - Inserted to MongoDB: {'user_id': 83, 'activity': 'purchase', 'timestamp': '2025-01-07 09:45:19', '_id': ObjectId('677cf7afb3cbcf303db42668')}
2025-01-07 11:45:22.140934 - INFO - Inserted to MongoDB: {'user_id': 96, 'activity': 'add_to_cart', 'timestamp': '2025-01-07 09:45:22', '_id': ObjectId('677cf7b2b3cbcf303db42669')}
2025-01-07 11:45:24.184590 - INFO - Inserted to MongoDB: {'user_id': 45, 'activity': 'view_item', 'timestamp': '2025-01-07 09:45:24', '_id': ObjectId('677cf7b4b3cbcf303db4266a')}
2025-01-07 11:45:26.243391 - INFO - Inserted to MongoDB: {'user_id': 57, 'activity': 'logout', 'timestamp': '2025-01-07 09:45:26', '_id': ObjectId('677cf7b6b3cbcf303db4266b')}
2025-01-07 11:45:29.328856 - INFO - Inserted to MongoDB: {'user_id': 33, 'activity': 'view_item', 'timestamp': '2025-01-07 09:45:28', '_id': ObjectId('677cf7b9b3cbcf303db4266c')}
2025-01-07 11:45:31.843348 - INFO - Inserted to MongoDB: {'user_id': 43, 'activity': 'view_item', 'timestamp': '2025-01-07 09:45:31', '_id': ObjectId('677cf7bbb3cbcf303db4266d')}
2025-01-07 11:45:34.083228 - INFO - Inserted to MongoDB: {'user_id': 41, 'activity': 'purchase', 'timestamp': '2025-01-07 09:45:34', '_id': ObjectId('677cf7beb3cbcf303db4266e')}
2025-01-07 11:45:36.237893 - INFO - Inserted to MongoDB: {'user_id': 13, 'activity': 'logout', 'timestamp': '2025-01-07 09:45:36', '_id': ObjectId('677cf7c0b3cbcf303db4266f')}
2025-01-07 11:45:38.380488 - INFO - Inserted to MongoDB: {'user_id': 15, 'activity': 'login', 'timestamp': '2025-01-07 09:45:38', '_id': ObjectId('677cf7c2b3cbcf303db42670')}
2025-01-07 11:45:40.473117 - INFO - Inserted to MongoDB: {'user_id': 98, 'activity': 'login', 'timestamp': '2025-01-07 09:45:40', '_id': ObjectId('677cf7c4b3cbcf303db42671')}
2025-01-07 11:45:42.505999 - INFO - Inserted to MongoDB: {'user_id': 79, 'activity': 'view_item', 'timestamp': '2025-01-07 09:45:42', '_id': ObjectId('677cf7c6b3cbcf303db42672')}
2025-01-07 11:45:44.524897 - INFO - Inserted to MongoDB: {'user_id': 93, 'activity': 'purchase', 'timestamp': '2025-01-07 09:45:44', '_id': ObjectId('677cf7c8b3cbcf303db42673')}
2025-01-07 11:45:46.552579 - INFO - Inserted to MongoDB: {'user_id': 32, 'activity': 'add_to_cart', 'timestamp': '2025-01-07 09:45:46', '_id': ObjectId('677cf7cab3cbcf303db42674')}
2025-01-07 11:45:48.580373 - INFO - Inserted to MongoDB: {'user_id': 27, 'activity': 'logout', 'timestamp': '2025-01-07 09:45:48', '_id': ObjectId('677cf7ccb3cbcf303db42675')}
2025-01-07 11:45:50.612680 - INFO - Inserted to MongoDB: {'user_id': 71, 'activity': 'add_to_cart', 'timestamp': '2025-01-07 09:45:50', '_id': ObjectId('677cf7ceb3cbcf303db42676')}
2025-01-07 11:45:52.640230 - INFO - Inserted to MongoDB: {'user_id': 53, 'activity': 'view_item', 'timestamp': '2025-01-07 09:45:52', '_id': ObjectId('677cf7d0b3cbcf303db42677')}
2025-01-07 11:45:54.674432 - INFO - Inserted to MongoDB: {'user_id': 75, 'activity': 'view_item', 'timestamp': '2025-01-07 09:45:54', '_id': ObjectId('677cf7d2b3cbcf303db42678')}
2025-01-07 11:45:56.698336 - INFO - Inserted to MongoDB: {'user_id': 44, 'activity': 'login', 'timestamp': '2025-01-07 09:45:56', '_id': ObjectId('677cf7d4b3cbcf303db42679')}
2025-01-07 11:45:58.736837 - INFO - Inserted to MongoDB: {'user_id': 37, 'activity': 'login', 'timestamp': '2025-01-07 09:45:58', '_id': ObjectId('677cf7d6b3cbcf303db4267a')}
2025-01-07 11:46:00.750900 - INFO - Inserted to MongoDB: {'user_id': 90, 'activity': 'purchase', 'timestamp': '2025-01-07 09:46:00', '_id': ObjectId('677cf7d8b3cbcf303db4267b')}
2025-01-07 11:46:02.771464 - INFO - Inserted to MongoDB: {'user_id': 1, 'activity': 'add_to_cart', 'timestamp': '2025-01-07 09:46:02', '_id': ObjectId('677cf7dab3cbcf303db4267c')}
2025-01-07 11:46:04.857418 - INFO - Inserted to MongoDB: {'user_id': 9, 'activity': 'add_to_cart', 'timestamp': '2025-01-07 09:46:04', '_id': ObjectId('677cf7dcb3cbcf303db4267d')}
2025-01-07 11:46:07.029754 - INFO - Inserted to MongoDB: {'user_id': 81, 'activity': 'purchase', 'timestamp': '2025-01-07 09:46:06', '_id': ObjectId('677cf7dfb3cbcf303db4267e')}
2025-01-07 11:46:10.079224 - INFO - Inserted to MongoDB: {'user_id': 95, 'activity': 'purchase', 'timestamp': '2025-01-07 09:46:09', '_id': ObjectId('677cf7e2b3cbcf303db4267f')}
2025-01-07 11:46:12.698767 - INFO - Inserted to MongoDB: {'user_id': 35, 'activity': 'purchase', 'timestamp': '2025-01-07 09:46:12', '_id': ObjectId('677cf7e4b3cbcf303db42680')}
2025-01-07 11:46:15.741236 - INFO - Inserted to MongoDB: {'user_id': 15, 'activity': 'add_to_cart', 'timestamp': '2025-01-07 09:46:15', '_id': ObjectId('677cf7e7b3cbcf303db42681')}
2025-01-07 11:46:18.978674 - INFO - Inserted to MongoDB: {'user_id': 63, 'activity': 'view_item', 'timestamp': '2025-01-07 09:46:18', '_id': ObjectId('677cf7eab3cbcf303db42682')}
2025-01-07 11:46:21.742550 - INFO - Inserted to MongoDB: {'user_id': 26, 'activity': 'purchase', 'timestamp': '2025-01-07 09:46:21', '_id': ObjectId('677cf7edb3cbcf303db42683')}
2025-01-07 11:46:23.840127 - INFO - Inserted to MongoDB: {'user_id': 39, 'activity': 'purchase', 'timestamp': '2025-01-07 09:46:23', '_id': ObjectId('677cf7efb3cbcf303db42684')}
2025-01-07 11:46:26.197350 - INFO - Inserted to MongoDB: {'user_id': 86, 'activity': 'logout', 'timestamp': '2025-01-07 09:46:25', '_id': ObjectId('677cf7f2b3cbcf303db42685')}
2025-01-07 11:46:28.526305 - INFO - Inserted to MongoDB: {'user_id': 10, 'activity': 'add_to_cart', 'timestamp': '2025-01-07 09:46:28', '_id': ObjectId('677cf7f4b3cbcf303db42686')}
2025-01-07 11:46:30.562494 - INFO - Inserted to MongoDB: {'user_id': 35, 'activity': 'add_to_cart', 'timestamp': '2025-01-07 09:46:30', '_id': ObjectId('677cf7f6b3cbcf303db42687')}
2025-01-07 11:46:32.629695 - INFO - Inserted to MongoDB: {'user_id': 75, 'activity': 'purchase', 'timestamp': '2025-01-07 09:46:32', '_id': ObjectId('677cf7f8b3cbcf303db42688')}
2025-01-07 11:46:34.662623 - INFO - Inserted to MongoDB: {'user_id': 85, 'activity': 'login', 'timestamp': '2025-01-07 09:46:34', '_id': ObjectId('677cf7fab3cbcf303db42689')}
2025-01-07 11:46:36.683594 - INFO - Inserted to MongoDB: {'user_id': 14, 'activity': 'logout', 'timestamp': '2025-01-07 09:46:36', '_id': ObjectId('677cf7fcb3cbcf303db4268a')}
2025-01-07 11:46:38.767437 - INFO - Inserted to MongoDB: {'user_id': 39, 'activity': 'add_to_cart', 'timestamp': '2025-01-07 09:46:38', '_id': ObjectId('677cf7feb3cbcf303db4268b')}
2025-01-07 11:46:40.890067 - INFO - Inserted to MongoDB: {'user_id': 97, 'activity': 'add_to_cart', 'timestamp': '2025-01-07 09:46:40', '_id': ObjectId('677cf800b3cbcf303db4268c')}
2025-01-07 11:46:43.505556 - INFO - Inserted to MongoDB: {'user_id': 8, 'activity': 'purchase', 'timestamp': '2025-01-07 09:46:43', '_id': ObjectId('677cf803b3cbcf303db4268d')}
2025-01-07 11:46:45.668173 - INFO - Inserted to MongoDB: {'user_id': 18, 'activity': 'login', 'timestamp': '2025-01-07 09:46:45', '_id': ObjectId('677cf805b3cbcf303db4268e')}
2025-01-07 11:46:47.702824 - INFO - Inserted to MongoDB: {'user_id': 73, 'activity': 'login', 'timestamp': '2025-01-07 09:46:47', '_id': ObjectId('677cf807b3cbcf303db4268f')}
2025-01-07 11:46:49.724073 - INFO - Inserted to MongoDB: {'user_id': 23, 'activity': 'login', 'timestamp': '2025-01-07 09:46:49', '_id': ObjectId('677cf809b3cbcf303db42690')}
2025-01-07 11:46:51.757015 - INFO - Inserted to MongoDB: {'user_id': 50, 'activity': 'purchase', 'timestamp': '2025-01-07 09:46:51', '_id': ObjectId('677cf80bb3cbcf303db42691')}
2025-01-07 11:46:54.483545 - INFO - Inserted to MongoDB: {'user_id': 83, 'activity': 'logout', 'timestamp': '2025-01-07 09:46:54', '_id': ObjectId('677cf80eb3cbcf303db42692')}
2025-01-07 11:46:56.788383 - INFO - Inserted to MongoDB: {'user_id': 35, 'activity': 'view_item', 'timestamp': '2025-01-07 09:46:56', '_id': ObjectId('677cf810b3cbcf303db42693')}
2025-01-07 11:46:58.817271 - INFO - Inserted to MongoDB: {'user_id': 13, 'activity': 'logout', 'timestamp': '2025-01-07 09:46:58', '_id': ObjectId('677cf812b3cbcf303db42694')}
2025-01-07 11:47:00.859803 - INFO - Inserted to MongoDB: {'user_id': 24, 'activity': 'logout', 'timestamp': '2025-01-07 09:47:00', '_id': ObjectId('677cf814b3cbcf303db42695')}
2025-01-07 11:47:02.878673 - INFO - Inserted to MongoDB: {'user_id': 79, 'activity': 'login', 'timestamp': '2025-01-07 09:47:02', '_id': ObjectId('677cf816b3cbcf303db42696')}
2025-01-07 11:47:04.896552 - INFO - Inserted to MongoDB: {'user_id': 94, 'activity': 'login', 'timestamp': '2025-01-07 09:47:04', '_id': ObjectId('677cf818b3cbcf303db42697')}
2025-01-07 11:47:06.917704 - INFO - Inserted to MongoDB: {'user_id': 16, 'activity': 'add_to_cart', 'timestamp': '2025-01-07 09:47:06', '_id': ObjectId('677cf81ab3cbcf303db42698')}
2025-01-07 11:47:08.943114 - INFO - Inserted to MongoDB: {'user_id': 48, 'activity': 'view_item', 'timestamp': '2025-01-07 09:47:08', '_id': ObjectId('677cf81cb3cbcf303db42699')}
2025-01-07 11:47:10.972109 - INFO - Inserted to MongoDB: {'user_id': 34, 'activity': 'add_to_cart', 'timestamp': '2025-01-07 09:47:10', '_id': ObjectId('677cf81eb3cbcf303db4269a')}
2025-01-07 11:47:13.007643 - INFO - Inserted to MongoDB: {'user_id': 30, 'activity': 'purchase', 'timestamp': '2025-01-07 09:47:12', '_id': ObjectId('677cf821b3cbcf303db4269b')}
2025-01-07 11:47:15.080642 - INFO - Inserted to MongoDB: {'user_id': 93, 'activity': 'purchase', 'timestamp': '2025-01-07 09:47:15', '_id': ObjectId('677cf823b3cbcf303db4269c')}
2025-01-07 11:47:17.115472 - INFO - Inserted to MongoDB: {'user_id': 97, 'activity': 'purchase', 'timestamp': '2025-01-07 09:47:17', '_id': ObjectId('677cf825b3cbcf303db4269d')}
2025-01-07 11:47:19.180770 - INFO - Inserted to MongoDB: {'user_id': 83, 'activity': 'add_to_cart', 'timestamp': '2025-01-07 09:47:19', '_id': ObjectId('677cf827b3cbcf303db4269e')}
2025-01-07 11:47:21.263777 - INFO - Inserted to MongoDB: {'user_id': 1, 'activity': 'login', 'timestamp': '2025-01-07 09:47:21', '_id': ObjectId('677cf829b3cbcf303db4269f')}
2025-01-07 11:47:23.309672 - INFO - Inserted to MongoDB: {'user_id': 94, 'activity': 'logout', 'timestamp': '2025-01-07 09:47:23', '_id': ObjectId('677cf82bb3cbcf303db426a0')}
2025-01-07 11:47:25.331877 - INFO - Inserted to MongoDB: {'user_id': 72, 'activity': 'add_to_cart', 'timestamp': '2025-01-07 09:47:25', '_id': ObjectId('677cf82db3cbcf303db426a1')}
2025-01-07 11:47:27.720341 - INFO - Inserted to MongoDB: {'user_id': 54, 'activity': 'purchase', 'timestamp': '2025-01-07 09:47:27', '_id': ObjectId('677cf82fb3cbcf303db426a2')}
2025-01-07 11:47:29.765596 - INFO - Inserted to MongoDB: {'user_id': 70, 'activity': 'logout', 'timestamp': '2025-01-07 09:47:29', '_id': ObjectId('677cf831b3cbcf303db426a3')}
2025-01-07 11:47:31.796592 - INFO - Inserted to MongoDB: {'user_id': 78, 'activity': 'login', 'timestamp': '2025-01-07 09:47:31', '_id': ObjectId('677cf833b3cbcf303db426a4')}
2025-01-07 11:47:33.861445 - INFO - Inserted to MongoDB: {'user_id': 71, 'activity': 'login', 'timestamp': '2025-01-07 09:47:33', '_id': ObjectId('677cf835b3cbcf303db426a5')}
2025-01-07 11:47:35.897082 - INFO - Inserted to MongoDB: {'user_id': 78, 'activity': 'purchase', 'timestamp': '2025-01-07 09:47:35', '_id': ObjectId('677cf837b3cbcf303db426a6')}
2025-01-07 11:47:37.922904 - INFO - Inserted to MongoDB: {'user_id': 67, 'activity': 'login', 'timestamp': '2025-01-07 09:47:37', '_id': ObjectId('677cf839b3cbcf303db426a7')}
2025-01-07 11:47:40.207507 - INFO - Inserted to MongoDB: {'user_id': 56, 'activity': 'logout', 'timestamp': '2025-01-07 09:47:40', '_id': ObjectId('677cf83cb3cbcf303db426a8')}
2025-01-07 11:47:42.315117 - INFO - Inserted to MongoDB: {'user_id': 5, 'activity': 'add_to_cart', 'timestamp': '2025-01-07 09:47:42', '_id': ObjectId('677cf83eb3cbcf303db426a9')}
2025-01-07 11:47:44.357525 - INFO - Inserted to MongoDB: {'user_id': 20, 'activity': 'login', 'timestamp': '2025-01-07 09:47:44', '_id': ObjectId('677cf840b3cbcf303db426aa')}
2025-01-07 11:47:46.387900 - INFO - Inserted to MongoDB: {'user_id': 47, 'activity': 'logout', 'timestamp': '2025-01-07 09:47:46', '_id': ObjectId('677cf842b3cbcf303db426ab')}
2025-01-07 11:47:48.471667 - INFO - Inserted to MongoDB: {'user_id': 62, 'activity': 'add_to_cart', 'timestamp': '2025-01-07 09:47:48', '_id': ObjectId('677cf844b3cbcf303db426ac')}
2025-01-07 11:47:50.750029 - INFO - Inserted to MongoDB: {'user_id': 52, 'activity': 'login', 'timestamp': '2025-01-07 09:47:50', '_id': ObjectId('677cf846b3cbcf303db426ad')}
2025-01-07 11:47:52.804038 - INFO - Inserted to MongoDB: {'user_id': 9, 'activity': 'login', 'timestamp': '2025-01-07 09:47:52', '_id': ObjectId('677cf848b3cbcf303db426ae')}
2025-01-07 11:47:54.851803 - INFO - Inserted to MongoDB: {'user_id': 70, 'activity': 'add_to_cart', 'timestamp': '2025-01-07 09:47:54', '_id': ObjectId('677cf84ab3cbcf303db426af')}
2025-01-07 11:47:56.883861 - INFO - Inserted to MongoDB: {'user_id': 50, 'activity': 'add_to_cart', 'timestamp': '2025-01-07 09:47:56', '_id': ObjectId('677cf84cb3cbcf303db426b0')}
2025-01-07 11:47:58.910694 - INFO - Inserted to MongoDB: {'user_id': 96, 'activity': 'logout', 'timestamp': '2025-01-07 09:47:58', '_id': ObjectId('677cf84eb3cbcf303db426b1')}
2025-01-07 11:48:01.049936 - INFO - Inserted to MongoDB: {'user_id': 40, 'activity': 'add_to_cart', 'timestamp': '2025-01-07 09:48:00', '_id': ObjectId('677cf850b3cbcf303db426b2')}
2025-01-07 11:48:03.079600 - INFO - Inserted to MongoDB: {'user_id': 78, 'activity': 'logout', 'timestamp': '2025-01-07 09:48:03', '_id': ObjectId('677cf853b3cbcf303db426b3')}
2025-01-07 11:48:05.185963 - INFO - Inserted to MongoDB: {'user_id': 57, 'activity': 'logout', 'timestamp': '2025-01-07 09:48:05', '_id': ObjectId('677cf855b3cbcf303db426b4')}
2025-01-07 11:48:07.223993 - INFO - Inserted to MongoDB: {'user_id': 50, 'activity': 'login', 'timestamp': '2025-01-07 09:48:07', '_id': ObjectId('677cf857b3cbcf303db426b5')}
2025-01-07 11:48:09.257492 - INFO - Inserted to MongoDB: {'user_id': 62, 'activity': 'add_to_cart', 'timestamp': '2025-01-07 09:48:09', '_id': ObjectId('677cf859b3cbcf303db426b6')}
2025-01-07 11:48:11.291871 - INFO - Inserted to MongoDB: {'user_id': 38, 'activity': 'login', 'timestamp': '2025-01-07 09:48:11', '_id': ObjectId('677cf85bb3cbcf303db426b7')}
2025-01-07 11:48:13.321928 - INFO - Inserted to MongoDB: {'user_id': 76, 'activity': 'login', 'timestamp': '2025-01-07 09:48:13', '_id': ObjectId('677cf85db3cbcf303db426b8')}
2025-01-07 11:48:15.355792 - INFO - Inserted to MongoDB: {'user_id': 9, 'activity': 'view_item', 'timestamp': '2025-01-07 09:48:15', '_id': ObjectId('677cf85fb3cbcf303db426b9')}
2025-01-07 11:48:17.387623 - INFO - Inserted to MongoDB: {'user_id': 14, 'activity': 'login', 'timestamp': '2025-01-07 09:48:17', '_id': ObjectId('677cf861b3cbcf303db426ba')}
2025-01-07 11:48:19.424080 - INFO - Inserted to MongoDB: {'user_id': 54, 'activity': 'add_to_cart', 'timestamp': '2025-01-07 09:48:19', '_id': ObjectId('677cf863b3cbcf303db426bb')}
2025-01-07 11:48:21.446080 - INFO - Inserted to MongoDB: {'user_id': 11, 'activity': 'purchase', 'timestamp': '2025-01-07 09:48:21', '_id': ObjectId('677cf865b3cbcf303db426bc')}
2025-01-07 11:48:23.464280 - INFO - Inserted to MongoDB: {'user_id': 68, 'activity': 'add_to_cart', 'timestamp': '2025-01-07 09:48:23', '_id': ObjectId('677cf867b3cbcf303db426bd')}
2025-01-07 11:48:25.494623 - INFO - Inserted to MongoDB: {'user_id': 43, 'activity': 'view_item', 'timestamp': '2025-01-07 09:48:25', '_id': ObjectId('677cf869b3cbcf303db426be')}
2025-01-07 11:48:27.538647 - INFO - Inserted to MongoDB: {'user_id': 69, 'activity': 'purchase', 'timestamp': '2025-01-07 09:48:27', '_id': ObjectId('677cf86bb3cbcf303db426bf')}
2025-01-07 11:48:29.564522 - INFO - Inserted to MongoDB: {'user_id': 39, 'activity': 'login', 'timestamp': '2025-01-07 09:48:29', '_id': ObjectId('677cf86db3cbcf303db426c0')}
2025-01-07 11:48:31.588134 - INFO - Inserted to MongoDB: {'user_id': 76, 'activity': 'view_item', 'timestamp': '2025-01-07 09:48:31', '_id': ObjectId('677cf86fb3cbcf303db426c1')}
2025-01-07 11:48:33.615440 - INFO - Inserted to MongoDB: {'user_id': 64, 'activity': 'view_item', 'timestamp': '2025-01-07 09:48:33', '_id': ObjectId('677cf871b3cbcf303db426c2')}
2025-01-07 11:48:35.649057 - INFO - Inserted to MongoDB: {'user_id': 23, 'activity': 'login', 'timestamp': '2025-01-07 09:48:35', '_id': ObjectId('677cf873b3cbcf303db426c3')}
2025-01-07 11:48:37.695037 - INFO - Inserted to MongoDB: {'user_id': 70, 'activity': 'login', 'timestamp': '2025-01-07 09:48:37', '_id': ObjectId('677cf875b3cbcf303db426c4')}
2025-01-07 11:48:40.115950 - INFO - Inserted to MongoDB: {'user_id': 60, 'activity': 'login', 'timestamp': '2025-01-07 09:48:39', '_id': ObjectId('677cf878b3cbcf303db426c5')}
2025-01-07 11:48:42.679507 - INFO - Inserted to MongoDB: {'user_id': 32, 'activity': 'login', 'timestamp': '2025-01-07 09:48:42', '_id': ObjectId('677cf87ab3cbcf303db426c6')}
2025-01-07 11:48:44.717869 - INFO - Inserted to MongoDB: {'user_id': 33, 'activity': 'login', 'timestamp': '2025-01-07 09:48:44', '_id': ObjectId('677cf87cb3cbcf303db426c7')}
2025-01-07 11:48:46.753569 - INFO - Inserted to MongoDB: {'user_id': 32, 'activity': 'add_to_cart', 'timestamp': '2025-01-07 09:48:46', '_id': ObjectId('677cf87eb3cbcf303db426c8')}
2025-01-07 11:48:48.775924 - INFO - Inserted to MongoDB: {'user_id': 95, 'activity': 'add_to_cart', 'timestamp': '2025-01-07 09:48:48', '_id': ObjectId('677cf880b3cbcf303db426c9')}
2025-01-07 11:48:50.801548 - INFO - Inserted to MongoDB: {'user_id': 15, 'activity': 'purchase', 'timestamp': '2025-01-07 09:48:50', '_id': ObjectId('677cf882b3cbcf303db426ca')}
2025-01-07 11:48:52.826520 - INFO - Inserted to MongoDB: {'user_id': 80, 'activity': 'view_item', 'timestamp': '2025-01-07 09:48:52', '_id': ObjectId('677cf884b3cbcf303db426cb')}
2025-01-07 11:48:54.856702 - INFO - Inserted to MongoDB: {'user_id': 98, 'activity': 'add_to_cart', 'timestamp': '2025-01-07 09:48:54', '_id': ObjectId('677cf886b3cbcf303db426cc')}
2025-01-07 11:48:56.872922 - INFO - Inserted to MongoDB: {'user_id': 73, 'activity': 'view_item', 'timestamp': '2025-01-07 09:48:56', '_id': ObjectId('677cf888b3cbcf303db426cd')}
2025-01-07 11:48:58.892827 - INFO - Inserted to MongoDB: {'user_id': 90, 'activity': 'logout', 'timestamp': '2025-01-07 09:48:58', '_id': ObjectId('677cf88ab3cbcf303db426ce')}
2025-01-07 11:49:00.908042 - INFO - Inserted to MongoDB: {'user_id': 11, 'activity': 'login', 'timestamp': '2025-01-07 09:49:00', '_id': ObjectId('677cf88cb3cbcf303db426cf')}
2025-01-07 11:49:02.930630 - INFO - Inserted to MongoDB: {'user_id': 73, 'activity': 'add_to_cart', 'timestamp': '2025-01-07 09:49:02', '_id': ObjectId('677cf88eb3cbcf303db426d0')}
2025-01-07 11:49:04.956038 - INFO - Inserted to MongoDB: {'user_id': 83, 'activity': 'add_to_cart', 'timestamp': '2025-01-07 09:49:04', '_id': ObjectId('677cf890b3cbcf303db426d1')}
2025-01-07 11:49:06.996650 - INFO - Inserted to MongoDB: {'user_id': 21, 'activity': 'purchase', 'timestamp': '2025-01-07 09:49:06', '_id': ObjectId('677cf892b3cbcf303db426d2')}
2025-01-07 11:49:09.081387 - INFO - Inserted to MongoDB: {'user_id': 74, 'activity': 'purchase', 'timestamp': '2025-01-07 09:49:09', '_id': ObjectId('677cf895b3cbcf303db426d3')}
2025-01-07 11:49:11.106803 - INFO - Inserted to MongoDB: {'user_id': 31, 'activity': 'view_item', 'timestamp': '2025-01-07 09:49:11', '_id': ObjectId('677cf897b3cbcf303db426d4')}
2025-01-07 11:49:13.146539 - INFO - Inserted to MongoDB: {'user_id': 10, 'activity': 'logout', 'timestamp': '2025-01-07 09:49:13', '_id': ObjectId('677cf899b3cbcf303db426d5')}
2025-01-07 11:49:15.223855 - INFO - Inserted to MongoDB: {'user_id': 64, 'activity': 'view_item', 'timestamp': '2025-01-07 09:49:15', '_id': ObjectId('677cf89bb3cbcf303db426d6')}
2025-01-07 11:49:17.353489 - INFO - Inserted to MongoDB: {'user_id': 79, 'activity': 'purchase', 'timestamp': '2025-01-07 09:49:17', '_id': ObjectId('677cf89db3cbcf303db426d7')}
2025-01-07 11:49:19.677908 - INFO - Inserted to MongoDB: {'user_id': 80, 'activity': 'logout', 'timestamp': '2025-01-07 09:49:19', '_id': ObjectId('677cf89fb3cbcf303db426d8')}
2025-01-07 11:49:22.193672 - INFO - Inserted to MongoDB: {'user_id': 39, 'activity': 'login', 'timestamp': '2025-01-07 09:49:22', '_id': ObjectId('677cf8a2b3cbcf303db426d9')}
2025-01-07 11:49:24.231441 - INFO - Inserted to MongoDB: {'user_id': 89, 'activity': 'login', 'timestamp': '2025-01-07 09:49:24', '_id': ObjectId('677cf8a4b3cbcf303db426da')}
2025-01-07 11:49:26.307946 - INFO - Inserted to MongoDB: {'user_id': 44, 'activity': 'login', 'timestamp': '2025-01-07 09:49:26', '_id': ObjectId('677cf8a6b3cbcf303db426db')}
2025-01-07 11:49:28.330725 - INFO - Inserted to MongoDB: {'user_id': 53, 'activity': 'logout', 'timestamp': '2025-01-07 09:49:28', '_id': ObjectId('677cf8a8b3cbcf303db426dc')}
2025-01-07 11:49:30.347776 - INFO - Inserted to MongoDB: {'user_id': 99, 'activity': 'purchase', 'timestamp': '2025-01-07 09:49:30', '_id': ObjectId('677cf8aab3cbcf303db426dd')}
2025-01-07 11:49:33.025200 - INFO - Inserted to MongoDB: {'user_id': 73, 'activity': 'add_to_cart', 'timestamp': '2025-01-07 09:49:32', '_id': ObjectId('677cf8adb3cbcf303db426de')}
2025-01-07 11:49:35.046317 - INFO - Inserted to MongoDB: {'user_id': 96, 'activity': 'login', 'timestamp': '2025-01-07 09:49:35', '_id': ObjectId('677cf8afb3cbcf303db426df')}
2025-01-07 11:49:37.088838 - INFO - Inserted to MongoDB: {'user_id': 88, 'activity': 'add_to_cart', 'timestamp': '2025-01-07 09:49:37', '_id': ObjectId('677cf8b1b3cbcf303db426e0')}
2025-01-07 11:49:39.110677 - INFO - Inserted to MongoDB: {'user_id': 29, 'activity': 'add_to_cart', 'timestamp': '2025-01-07 09:49:39', '_id': ObjectId('677cf8b3b3cbcf303db426e1')}
2025-01-07 11:49:41.133085 - INFO - Inserted to MongoDB: {'user_id': 49, 'activity': 'purchase', 'timestamp': '2025-01-07 09:49:41', '_id': ObjectId('677cf8b5b3cbcf303db426e2')}
2025-01-07 11:49:43.184433 - INFO - Inserted to MongoDB: {'user_id': 12, 'activity': 'view_item', 'timestamp': '2025-01-07 09:49:43', '_id': ObjectId('677cf8b7b3cbcf303db426e3')}
2025-01-07 11:49:45.218156 - INFO - Inserted to MongoDB: {'user_id': 71, 'activity': 'logout', 'timestamp': '2025-01-07 09:49:45', '_id': ObjectId('677cf8b9b3cbcf303db426e4')}
2025-01-07 11:49:47.263083 - INFO - Inserted to MongoDB: {'user_id': 51, 'activity': 'purchase', 'timestamp': '2025-01-07 09:49:47', '_id': ObjectId('677cf8bbb3cbcf303db426e5')}
2025-01-07 11:49:49.273230 - INFO - Inserted to MongoDB: {'user_id': 25, 'activity': 'purchase', 'timestamp': '2025-01-07 09:49:49', '_id': ObjectId('677cf8bdb3cbcf303db426e6')}
2025-01-07 11:49:51.296434 - INFO - Inserted to MongoDB: {'user_id': 27, 'activity': 'add_to_cart', 'timestamp': '2025-01-07 09:49:51', '_id': ObjectId('677cf8bfb3cbcf303db426e7')}
2025-01-07 11:49:53.329043 - INFO - Inserted to MongoDB: {'user_id': 17, 'activity': 'login', 'timestamp': '2025-01-07 09:49:53', '_id': ObjectId('677cf8c1b3cbcf303db426e8')}
2025-01-07 11:49:55.356152 - INFO - Inserted to MongoDB: {'user_id': 56, 'activity': 'logout', 'timestamp': '2025-01-07 09:49:55', '_id': ObjectId('677cf8c3b3cbcf303db426e9')}
2025-01-07 11:49:57.381890 - INFO - Inserted to MongoDB: {'user_id': 33, 'activity': 'logout', 'timestamp': '2025-01-07 09:49:57', '_id': ObjectId('677cf8c5b3cbcf303db426ea')}
2025-01-07 11:49:59.399119 - INFO - Inserted to MongoDB: {'user_id': 36, 'activity': 'logout', 'timestamp': '2025-01-07 09:49:59', '_id': ObjectId('677cf8c7b3cbcf303db426eb')}
2025-01-07 11:50:01.427490 - INFO - Inserted to MongoDB: {'user_id': 20, 'activity': 'login', 'timestamp': '2025-01-07 09:50:01', '_id': ObjectId('677cf8c9b3cbcf303db426ec')}
2025-01-07 11:50:03.448884 - INFO - Inserted to MongoDB: {'user_id': 4, 'activity': 'add_to_cart', 'timestamp': '2025-01-07 09:50:03', '_id': ObjectId('677cf8cbb3cbcf303db426ed')}
2025-01-07 11:50:05.475640 - INFO - Inserted to MongoDB: {'user_id': 47, 'activity': 'view_item', 'timestamp': '2025-01-07 09:50:05', '_id': ObjectId('677cf8cdb3cbcf303db426ee')}
2025-01-07 11:50:07.512281 - INFO - Inserted to MongoDB: {'user_id': 86, 'activity': 'view_item', 'timestamp': '2025-01-07 09:50:07', '_id': ObjectId('677cf8cfb3cbcf303db426ef')}
2025-01-07 11:50:09.540652 - INFO - Inserted to MongoDB: {'user_id': 76, 'activity': 'logout', 'timestamp': '2025-01-07 09:50:09', '_id': ObjectId('677cf8d1b3cbcf303db426f0')}
2025-01-07 11:50:30.126540 - INFO - Kafka consumer stopped by user.
